[20:12:27] [main/INFO]: Using mbed TLS based native cipher.
[20:12:27] [main/INFO]: Using zlib based native compressor.
[20:12:27] [main/INFO]: Enabled Waterfall version git:Waterfall-Bootstrap:1.21-R0.1-SNAPSHOT:de8345a:579
[20:12:27] [main/WARN]: Waterfall has reached end of life and is no longer maintained. We recommend you transition to Velocity (https://papermc.io/software/velocity). For more information, see the announcement (https://forums.papermc.io/threads/1088/).
[20:12:27] [main/INFO]: Not on Windows, attempting to use enhanced EpollEventLoop
[20:12:27] [main/INFO]: Epoll is working, utilising it!
[20:12:28] [main/INFO]: Discovered module: ModuleSpec(name=cmd_alert, file=modules/cmd_alert.jar, provider=JenkinsModuleSource())
[20:12:28] [main/INFO]: Discovered module: ModuleSpec(name=cmd_find, file=modules/cmd_find.jar, provider=JenkinsModuleSource())
[20:12:28] [main/INFO]: Discovered module: ModuleSpec(name=cmd_list, file=modules/cmd_list.jar, provider=JenkinsModuleSource())
[20:12:28] [main/INFO]: Discovered module: ModuleSpec(name=cmd_send, file=modules/cmd_send.jar, provider=JenkinsModuleSource())
[20:12:28] [main/INFO]: Discovered module: ModuleSpec(name=cmd_server, file=modules/cmd_server.jar, provider=JenkinsModuleSource())
[20:12:28] [main/INFO]: Discovered module: ModuleSpec(name=reconnect_yaml, file=modules/reconnect_yaml.jar, provider=JenkinsModuleSource())
[20:12:28] [main/INFO]: Loaded plugin reconnect_yaml version git:reconnect_yaml:1.21-R0.1-SNAPSHOT:de8345a:579 by WaterfallMC
[20:12:28] [main/INFO]: Loaded plugin cmd_find version git:cmd_find:1.21-R0.1-SNAPSHOT:de8345a:579 by WaterfallMC
[20:12:28] [main/INFO]: Loaded plugin cmd_server version git:cmd_server:1.21-R0.1-SNAPSHOT:de8345a:579 by WaterfallMC
[20:12:28] [main/INFO]: Loaded plugin cmd_alert version git:cmd_alert:1.21-R0.1-SNAPSHOT:de8345a:579 by WaterfallMC
[20:12:28] [main/INFO]: Loaded plugin cmd_send version git:cmd_send:1.21-R0.1-SNAPSHOT:de8345a:579 by WaterfallMC
[20:12:28] [main/INFO]: Loaded plugin cmd_list version git:cmd_list:1.21-R0.1-SNAPSHOT:de8345a:579 by WaterfallMC
[20:12:28] [main/WARN]: :>:>:>:>:>:>:>:>:>:>:>:>:>:>:>:>:>:>:>:>:>:>:>
[20:12:28] [main/WARN]: :>  
[20:12:28] [main/WARN]: :>      EAGLERCRAFTXBUNGEE WARNING:
[20:12:28] [main/WARN]: :>  
[20:12:28] [main/WARN]: :>  This plugin wasn't tested to be 'working'
[20:12:28] [main/WARN]: :>  with ANY version of BungeeCord (and forks)
[20:12:28] [main/WARN]: :>  apart from the versions listed below:
[20:12:28] [main/WARN]: :>  
[20:12:28] [main/WARN]: :>  - BungeeCord: 1.21-R0.1-SNAPSHOT:acb85e3:1871
[20:12:28] [main/WARN]: :>  - Waterfall: 1.21-R0.1-SNAPSHOT:de8345a:579
[20:12:28] [main/WARN]: :>  
[20:12:28] [main/WARN]: :>  This is not a Bukkit/Spigot plugin!
[20:12:28] [main/WARN]: :>  
[20:12:28] [main/WARN]: :>  Use "-Deaglerxbungee.stfu=true" to hide
[20:12:28] [main/WARN]: :>  
[20:12:28] [main/WARN]: :>:>:>:>:>:>:>:>:>:>:>:>:>:>:>:>:>:>:>:>:>:>:>
[20:12:28] [main/INFO] [EaglercraftXBungee]: Loading vanilla profile: lax1dude
[20:12:30] [Skin Download Thread #1/INFO] [EaglercraftXBungee]: Loaded vanilla profile: lax1dude
[20:12:30] [main/INFO]: Loaded plugin EaglercraftXBungee version 1.3.1 by lax1dude
[20:12:31] [main/WARN]: Could not load server icon
java.lang.IllegalArgumentException: Server icon must be exactly 64x64 pixels
	at net.md_5.bungee.api.Favicon.create(Favicon.java:80) ~[bungee.jar:git:Waterfall-Bootstrap:1.21-R0.1-SNAPSHOT:de8345a:579]
	at net.md_5.bungee.conf.Configuration.load(Configuration.java:90) ~[bungee.jar:git:Waterfall-Bootstrap:1.21-R0.1-SNAPSHOT:de8345a:579]
	at io.github.waterfallmc.waterfall.conf.WaterfallConfiguration.load(WaterfallConfiguration.java:67) ~[bungee.jar:git:Waterfall-Bootstrap:1.21-R0.1-SNAPSHOT:de8345a:579]
	at net.md_5.bungee.BungeeCord.start(BungeeCord.java:291) ~[bungee.jar:git:Waterfall-Bootstrap:1.21-R0.1-SNAPSHOT:de8345a:579]
	at net.md_5.bungee.BungeeCordLauncher.main(BungeeCordLauncher.java:68) ~[bungee.jar:git:Waterfall-Bootstrap:1.21-R0.1-SNAPSHOT:de8345a:579]
	at net.md_5.bungee.Bootstrap.main(Bootstrap.java:15) ~[bungee.jar:git:Waterfall-Bootstrap:1.21-R0.1-SNAPSHOT:de8345a:579]
[20:12:32] [main/WARN]: Forced host server pvp is not defined
[20:12:32] [main/INFO]: Enabled plugin reconnect_yaml version git:reconnect_yaml:1.21-R0.1-SNAPSHOT:de8345a:579 by WaterfallMC
[20:12:32] [main/INFO]: Enabled plugin cmd_find version git:cmd_find:1.21-R0.1-SNAPSHOT:de8345a:579 by WaterfallMC
[20:12:32] [main/INFO]: Enabled plugin cmd_server version git:cmd_server:1.21-R0.1-SNAPSHOT:de8345a:579 by WaterfallMC
[20:12:32] [main/INFO]: Enabled plugin cmd_alert version git:cmd_alert:1.21-R0.1-SNAPSHOT:de8345a:579 by WaterfallMC
[20:12:32] [main/INFO]: Enabled plugin cmd_send version git:cmd_send:1.21-R0.1-SNAPSHOT:de8345a:579 by WaterfallMC
[20:12:32] [main/INFO]: Enabled plugin cmd_list version git:cmd_list:1.21-R0.1-SNAPSHOT:de8345a:579 by WaterfallMC
[20:12:32] [main/ERROR] [EaglercraftXBungee]: Online mode is set to false! Authentication system has been disabled
[20:12:32] [Netty Boss IO Thread #0/INFO] [EaglercraftXBungee]: Eaglercraft is listening on: /0.0.0.0:8081
[20:12:33] [main/INFO] [EaglercraftXBungee]: Connected to database: jdbc:sqlite:eaglercraft_skins_cache.db
[20:12:33] [main/INFO] [EaglercraftXBungee]: Voice chat disabled, add "allow_voice: true" to your listeners to enable
[20:12:33] [main/INFO]: Enabled plugin EaglercraftXBungee version 1.3.1 by lax1dude
[20:12:33] [Netty Boss IO Thread #1/INFO]: Listening on /127.0.0.1:25577
[20:14:21] [Netty Worker IO Thread #1/INFO] [EaglercraftXBungee]: [/[0:0:0:0:0:0:0:1%0]:37886]: Connected via websocket
[20:14:21] [Netty Worker IO Thread #1/INFO] [EaglercraftXBungee]: [/[0:0:0:0:0:0:0:1%0]:37886]: Origin header is null
[20:14:21] [Netty Worker IO Thread #1/INFO] [EaglercraftXBungee]: [/[0:0:0:0:0:0:0:1%0]:37886]: Logged in as 'DA_KING'
[20:14:21] [Netty Worker IO Thread #1/INFO]: [/[0:0:0:0:0:0:0:1%0]:37886|DA_KING] -> UpstreamBridge has connected
[20:14:21] [Netty Worker IO Thread #1/INFO]: [DA_KING|/[0:0:0:0:0:0:0:1%0]:37886] <-> ServerConnector [lobby] has connected
[20:14:52] [Netty Worker IO Thread #3/INFO] [EaglercraftXBungee]: [/[0:0:0:0:0:0:0:1%0]:58582]: Connected via websocket
[20:14:52] [Netty Worker IO Thread #3/INFO] [EaglercraftXBungee]: [/[0:0:0:0:0:0:0:1%0]:58582]: Origin header is null
[20:14:52] [Netty Worker IO Thread #3/INFO] [EaglercraftXBungee]: [/[0:0:0:0:0:0:0:1%0]:58582]: Logged in as 'PAK_VIN25'
[20:14:52] [Netty Worker IO Thread #3/INFO]: [/[0:0:0:0:0:0:0:1%0]:58582|PAK_VIN25] -> UpstreamBridge has connected
[20:14:52] [Netty Worker IO Thread #3/INFO]: [PAK_VIN25|/[0:0:0:0:0:0:0:1%0]:58582] <-> ServerConnector [lobby] has connected
[21:16:23] [Netty Worker IO Thread #3/INFO]: [/[0:0:0:0:0:0:0:1%0]:58582|PAK_VIN25] -> UpstreamBridge has disconnected
[21:16:23] [Netty Worker IO Thread #3/INFO]: [PAK_VIN25] disconnected with: Proxy lost connection to server.
[21:16:23] [Netty Worker IO Thread #3/INFO]: [/[0:0:0:0:0:0:0:1%0]:58582|PAK_VIN25] <-> DownstreamBridge <-> [lobby] has disconnected
[21:16:26] [Netty Worker IO Thread #1/INFO] [EaglercraftXBungee]: [/[0:0:0:0:0:0:0:1%0]:48158]: Connected via websocket
[21:16:26] [Netty Worker IO Thread #1/INFO] [EaglercraftXBungee]: [/[0:0:0:0:0:0:0:1%0]:48158]: Origin header is null
[21:16:26] [Netty Worker IO Thread #1/INFO] [EaglercraftXBungee]: [/[0:0:0:0:0:0:0:1%0]:48158]: Logged in as 'PAK_VIN25'
[21:16:26] [Netty Worker IO Thread #1/INFO]: [/[0:0:0:0:0:0:0:1%0]:48158|PAK_VIN25] -> UpstreamBridge has connected
[21:16:26] [Netty Worker IO Thread #1/INFO]: [PAK_VIN25|/[0:0:0:0:0:0:0:1%0]:48158] <-> ServerConnector [lobby] has connected
